Build started 3/4/2017 3:57:49 PM.
     1>Project "C:\Users\Alpha\documents\visual studio 2010\Projects\APECC_2017\APECC_2017\APECC_2017.vcxproj" on node 2 (build target(s)).
     1>InitializeBuildStatus:
         Creating "Debug\APECC_2017.unsuccessfulbuild" because "AlwaysCreate" was specified.
       ClCompile:
         c:\Program Files (x86)\Microsoft Visual Studio 10.0\VC\bin\CL.exe /c /ZI /nologo /W3 /WX- /Od /Oy- /D _MBCS /Gm /EHsc /RTC1 /MDd /GS /fp:precise /Zc:wchar_t /Zc:forScope /Fo"Debug\\" /Fd"Debug\vc100.pdb" /Gd /TP /analyze- /errorReport:prompt AnandanJithendar.cpp
         AnandanJithendar.cpp
     1>c:\users\alpha\documents\visual studio 2010\projects\apecc_2017\apecc_2017\anandanjithendar.cpp(20): warning C4101: 'duration' : unreferenced local variable
       Link:
         c:\Program Files (x86)\Microsoft Visual Studio 10.0\VC\bin\link.exe /ERRORREPORT:PROMPT /OUT:"C:\Users\Alpha\documents\visual studio 2010\Projects\APECC_2017\Debug\APECC_2017.exe" /NOLOGO kernel32.lib user32.lib gdi32.lib winspool.lib comdlg32.lib advapi32.lib shell32.lib ole32.lib oleaut32.lib uuid.lib odbc32.lib odbccp32.lib /MANIFEST /ManifestFile:"Debug\APECC_2017.exe.intermediate.manifest" /MANIFESTUAC:"level='asInvoker' uiAccess='false'" /DEBUG /PDB:"C:\Users\Alpha\documents\visual studio 2010\Projects\APECC_2017\Debug\APECC_2017.pdb" /TLBID:1 /DYNAMICBASE /NXCOMPAT /IMPLIB:"C:\Users\Alpha\documents\visual studio 2010\Projects\APECC_2017\Debug\APECC_2017.lib" /MACHINE:X86 Debug\AnandanJithendar.obj
         LINK : C:\Users\Alpha\documents\visual studio 2010\Projects\APECC_2017\Debug\APECC_2017.exe not found or not built by the last incremental link; performing full link
            Creating library C:\Users\Alpha\documents\visual studio 2010\Projects\APECC_2017\Debug\APECC_2017.lib and object C:\Users\Alpha\documents\visual studio 2010\Projects\APECC_2017\Debug\APECC_2017.exp
         APECC_2017.vcxproj -> C:\Users\Alpha\documents\visual studio 2010\Projects\APECC_2017\Debug\APECC_2017.exe
       Manifest:
         C:\Program Files (x86)\Microsoft SDKs\Windows\v7.0A\bin\mt.exe /nologo /verbose /outputresource:"C:\Users\Alpha\documents\visual studio 2010\Projects\APECC_2017\Debug\APECC_2017.exe;#1" /manifest Debug\APECC_2017.exe.intermediate.manifest
       FinalizeBuildStatus:
         Deleting file "Debug\APECC_2017.unsuccessfulbuild".
         Touching "Debug\APECC_2017.lastbuildstate".
     1>Done Building Project "C:\Users\Alpha\documents\visual studio 2010\Projects\APECC_2017\APECC_2017\APECC_2017.vcxproj" (build target(s)).

Build succeeded.

Time Elapsed 00:00:01.20
